# JRE version: Java(TM) SE Runtime Environment (8.0_101-b13) (build 1.8.0_101-b13)
# Java VM: Java HotSpot(TM) 64-Bit Server VM (25.101-b13 mixed mode windows-amd64 compressed oops)
Heap:
 PSYoungGen      total 88064K, used 22103K [0x00000000d9980000, 0x00000000e0600000, 0x0000000100000000)
  eden space 78848K, 28% used [0x00000000d9980000,0x00000000daf15fb8,0x00000000de680000)
  from space 9216K, 0% used [0x00000000def00000,0x00000000def00000,0x00000000df800000)
  to   space 8704K, 0% used [0x00000000de680000,0x00000000de680000,0x00000000def00000)
 ParOldGen       total 77824K, used 11063K [0x000000008cc00000, 0x0000000091800000, 0x00000000d9980000)
  object space 77824K, 14% used [0x000000008cc00000,0x000000008d6cdf70,0x0000000091800000)
 Metaspace       used 37319K, capacity 37644K, committed 37936K, reserved 1081344K
  class space    used 5024K, capacity 5130K, committed 5168K, reserved 1048576K
GC Heap History (10 events):
Event: 8.080 GC heap before
{Heap before GC invocations=6 (full 1):
 PSYoungGen      total 34816K, used 4592K [0x00000000d9980000, 0x00000000de680000, 0x0000000100000000)
  eden space 30208K, 0% used [0x00000000d9980000,0x00000000d9980000,0x00000000db700000)
  from space 4608K, 99% used [0x00000000db700000,0x00000000dbb7c030,0x00000000dbb80000)
  to   space 9216K, 0% used [0x00000000ddd80000,0x00000000ddd80000,0x00000000de680000)
 ParOldGen       total 79360K, used 6226K [0x000000008cc00000, 0x0000000091980000, 0x00000000d9980000)
  object space 79360K, 7% used [0x000000008cc00000,0x000000008d214950,0x0000000091980000)
 Metaspace       used 20971K, capacity 21198K, committed 21296K, reserved 1067008K
  class space    used 3001K, capacity 3089K, committed 3120K, reserved 1048576K
Event: 8.150 GC heap after
Heap after GC invocations=6 (full 1):
 PSYoungGen      total 34816K, used 0K [0x00000000d9980000, 0x00000000de680000, 0x0000000100000000)
  eden space 30208K, 0% used [0x00000000d9980000,0x00000000d9980000,0x00000000db700000)
  from space 4608K, 0% used [0x00000000db700000,0x00000000db700000,0x00000000dbb80000)
  to   space 9216K, 0% used [0x00000000ddd80000,0x00000000ddd80000,0x00000000de680000)
 ParOldGen       total 52224K, used 8017K [0x000000008cc00000, 0x000000008ff00000, 0x00000000d9980000)
  object space 52224K, 15% used [0x000000008cc00000,0x000000008d3d4490,0x000000008ff00000)
 Metaspace       used 20971K, capacity 21198K, committed 21296K, reserved 1067008K
  class space    used 3001K, capacity 3089K, committed 3120K, reserved 1048576K
}
Event: 8.996 GC heap before
{Heap before GC invocations=7 (full 1):
 PSYoungGen      total 34816K, used 30208K [0x00000000d9980000, 0x00000000de680000, 0x0000000100000000)
  eden space 30208K, 100% used [0x00000000d9980000,0x00000000db700000,0x00000000db700000)
  from space 4608K, 0% used [0x00000000db700000,0x00000000db700000,0x00000000dbb80000)
  to   space 9216K, 0% used [0x00000000ddd80000,0x00000000ddd80000,0x00000000de680000)
 ParOldGen       total 52224K, used 8017K [0x000000008cc00000, 0x000000008ff00000, 0x00000000d9980000)
  object space 52224K, 15% used [0x000000008cc00000,0x000000008d3d4490,0x000000008ff00000)
 Metaspace       used 27238K, capacity 27582K, committed 27952K, reserved 1073152K
  class space    used 3732K, capacity 3829K, committed 3888K, reserved 1048576K
Event: 9.002 GC heap after
Heap after GC invocations=7 (full 1):
 PSYoungGen      total 54272K, used 4937K [0x00000000d9980000, 0x00000000de280000, 0x0000000100000000)
  eden space 49152K, 0% used [0x00000000d9980000,0x00000000d9980000,0x00000000dc980000)
  from space 5120K, 96% used [0x00000000ddd80000,0x00000000de252480,0x00000000de280000)
  to   space 8704K, 0% used [0x00000000dd180000,0x00000000dd180000,0x00000000dda00000)
 ParOldGen       total 52224K, used 8025K [0x000000008cc00000, 0x000000008ff00000, 0x00000000d9980000)
  object space 52224K, 15% used [0x000000008cc00000,0x000000008d3d6490,0x000000008ff00000)
 Metaspace       used 27238K, capacity 27582K, committed 27952K, reserved 1073152K
  class space    used 3732K, capacity 3829K, committed 3888K, reserved 1048576K
}
Event: 10.531 GC heap before
{Heap before GC invocations=8 (full 1):
 PSYoungGen      total 54272K, used 54089K [0x00000000d9980000, 0x00000000de280000, 0x0000000100000000)
  eden space 49152K, 100% used [0x00000000d9980000,0x00000000dc980000,0x00000000dc980000)
  from space 5120K, 96% used [0x00000000ddd80000,0x00000000de252480,0x00000000de280000)
  to   space 8704K, 0% used [0x00000000dd180000,0x00000000dd180000,0x00000000dda00000)
 ParOldGen       total 52224K, used 8025K [0x000000008cc00000, 0x000000008ff00000, 0x00000000d9980000)
  object space 52224K, 15% used [0x000000008cc00000,0x000000008d3d6490,0x000000008ff00000)
 Metaspace       used 33042K, capacity 33394K, committed 33840K, reserved 1079296K
  class space    used 4465K, capacity 4571K, committed 4656K, reserved 1048576K
Event: 10.543 GC heap after
Heap after GC invocations=8 (full 1):
 PSYoungGen      total 66048K, used 6885K [0x00000000d9980000, 0x00000000df800000, 0x0000000100000000)
  eden space 57344K, 0% used [0x00000000d9980000,0x00000000d9980000,0x00000000dd180000)
  from space 8704K, 79% used [0x00000000dd180000,0x00000000dd8396b8,0x00000000dda00000)
  to   space 9216K, 0% used [0x00000000def00000,0x00000000def00000,0x00000000df800000)
 ParOldGen       total 52224K, used 8033K [0x000000008cc00000, 0x000000008ff00000, 0x00000000d9980000)
  object space 52224K, 15% used [0x000000008cc00000,0x000000008d3d8490,0x000000008ff00000)
 Metaspace       used 33042K, capacity 33394K, committed 33840K, reserved 1079296K
  class space    used 4465K, capacity 4571K, committed 4656K, reserved 1048576K
}
Event: 10.952 GC heap before
{Heap before GC invocations=9 (full 1):
 PSYoungGen      total 66048K, used 29057K [0x00000000d9980000, 0x00000000df800000, 0x0000000100000000)
  eden space 57344K, 38% used [0x00000000d9980000,0x00000000daf27140,0x00000000dd180000)
  from space 8704K, 79% used [0x00000000dd180000,0x00000000dd8396b8,0x00000000dda00000)
  to   space 9216K, 0% used [0x00000000def00000,0x00000000def00000,0x00000000df800000)
 ParOldGen       total 52224K, used 8033K [0x000000008cc00000, 0x000000008ff00000, 0x00000000d9980000)
  object space 52224K, 15% used [0x000000008cc00000,0x000000008d3d8490,0x000000008ff00000)
 Metaspace       used 34901K, capacity 35206K, committed 35496K, reserved 1079296K
  class space    used 4723K, capacity 4833K, committed 4912K, reserved 1048576K
Event: 10.961 GC heap after
Heap after GC invocations=9 (full 1):
 PSYoungGen      total 88064K, used 4814K [0x00000000d9980000, 0x00000000e0600000, 0x0000000100000000)
  eden space 78848K, 0% used [0x00000000d9980000,0x00000000d9980000,0x00000000de680000)
  from space 9216K, 52% used [0x00000000def00000,0x00000000df3b3b40,0x00000000df800000)
  to   space 8704K, 0% used [0x00000000de680000,0x00000000de680000,0x00000000def00000)
 ParOldGen       total 52224K, used 8033K [0x000000008cc00000, 0x000000008ff00000, 0x00000000d9980000)
  object space 52224K, 15% used [0x000000008cc00000,0x000000008d3d8490,0x000000008ff00000)
 Metaspace       used 34901K, capacity 35206K, committed 35496K, reserved 1079296K
  class space    used 4723K, capacity 4833K, committed 4912K, reserved 1048576K
}
Event: 10.961 GC heap before
{Heap before GC invocations=10 (full 2):
 PSYoungGen      total 88064K, used 4814K [0x00000000d9980000, 0x00000000e0600000, 0x0000000100000000)
  eden space 78848K, 0% used [0x00000000d9980000,0x00000000d9980000,0x00000000de680000)
  from space 9216K, 52% used [0x00000000def00000,0x00000000df3b3b40,0x00000000df800000)
  to   space 8704K, 0% used [0x00000000de680000,0x00000000de680000,0x00000000def00000)
 ParOldGen       total 52224K, used 8033K [0x000000008cc00000, 0x000000008ff00000, 0x00000000d9980000)
  object space 52224K, 15% used [0x000000008cc00000,0x000000008d3d8490,0x000000008ff00000)
 Metaspace       used 34901K, capacity 35206K, committed 35496K, reserved 1079296K
  class space    used 4723K, capacity 4833K, committed 4912K, reserved 1048576K
Event: 11.045 GC heap after
Heap after GC invocations=10 (full 2):
 PSYoungGen      total 88064K, used 0K [0x00000000d9980000, 0x00000000e0600000, 0x0000000100000000)
  eden space 78848K, 0% used [0x00000000d9980000,0x00000000d9980000,0x00000000de680000)
  from space 9216K, 0% used [0x00000000def00000,0x00000000def00000,0x00000000df800000)
  to   space 8704K, 0% used [0x00000000de680000,0x00000000de680000,0x00000000def00000)
 ParOldGen       total 77824K, used 11063K [0x000000008cc00000, 0x0000000091800000, 0x00000000d9980000)
  object space 77824K, 14% used [0x000000008cc00000,0x000000008d6cdf70,0x0000000091800000)
 Metaspace       used 34901K, capacity 35206K, committed 35496K, reserved 1079296K
  class space    used 4723K, capacity 4833K, committed 4912K, reserved 1048576K
}

